<?xml version="1.0" encoding="UTF-8" ?>
<!DOCTYPE mapper
        PUBLIC "-//mybatis.org//DTD Mapper 3.0//EN"
        "http://mybatis.org/dtd/mybatis-3-mapper.dtd">
<mapper namespace="com.mapper.TestMapper">
    <resultMap id="test" type="com.model.UserContainer">
        <result column="no" property="no"/>
        <result column="usertest" property="usertest" javaType="com.model.UserTest"
                typeHandler="com.middleware.JsonObjectTypeHandler"/>
    </resultMap>
    <resultMap id="arraytest" type="com.model.ArrayTest">
        <result column="no" property="no"/>
        <result column="usertest" property="userTests" javaType="com.model.UserTest"
                typeHandler="com.middleware.JsonArrayObjectTypeHandler"/>
    </resultMap>
    <insert id="insertTest" useGeneratedKeys="true" parameterType="Test" keyProperty="no">
        insert into test(testcol)
        values (#{testcol});
    </insert>
    <insert id="insertTestByNo" useGeneratedKeys="true" parameterType="Test" keyProperty="no">
        insert into test(no, testcol)
        values (#{no}, #{testcol});
    </insert>
    <select id="selectTest" resultType="Test">
        select *
        from test;
    </select>
    <!--JSON String을 Object로 바꿀 때-->
    <select id="jsonTypeHandleTest" resultType="UserContainer" parameterType="int" resultMap="test">
        select *
        from user
        where no = #{no};
    </select>
    <!--JSON String을 ObjectArray로 바꿀 때-->
    <select id="jsonArrayTypeHandleTest" resultType="ArrayTest" parameterType="int" resultMap="arraytest">
        select *
        from arraytest
        where no = #{no};
    </select>
    <!--Object를 JSON으로 집어넣을때-->
    <insert id="insertJsonTypeHandleTest" useGeneratedKeys="true" keyProperty="no" parameterType="UserContainer">
        insert into user(usertest)
        values (#{usertest, typeHandler=com.middleware.JsonObjectTypeHandler});
    </insert>
    <!--JSONArrayObject를 JSON으로 집어넣을때-->
    <insert id="insertJsonArrayTypeHandleTest" useGeneratedKeys="true" keyProperty="no" parameterType="ArrayTest">
        insert into arraytest(usertest)
        values (#{userTests,typeHandler=com.middleware.JsonArrayObjectTypeHandler});
    </insert>
    <select id="selectUsers" resultType="User">
        select *
        from user;
    </select>
    <insert id="arrayTestModelInsertTest" parameterType="ArrayTestModel">
        insert into insert_array_test(name, tags)
        VALUES (#{name}, #{tags, typeHandler=com.middleware.StringArrayListTypeHandler});
    </insert>
    <resultMap id="array_test_model" type="com.model.mybatis.ArrayTestModel">
        <result column="no" property="no"/>
        <result column="tags" property="tags" javaType="com.model.mybatis.ArrayTestModel"
                typeHandler="com.middleware.StringArrayListTypeHandler"/>
    </resultMap>
    <select id="arrayTestModelSelectTest" resultType="ArrayTestModel" resultMap="array_test_model">
        select *
        from insert_array_test;
    </select>
</mapper>